Flow report for PBL1
Mon Feb 03 16:16:39 2020
Quartus II 64-Bit Version 13.1.0 Build 162 10/23/2013 SJ Web Edition


---------------------
; Table of Contents ;
---------------------
  1. Legal Notice
  2. Flow Summary
  3. Flow Settings
  4. Flow Non-Default Global Settings
  5. Flow Elapsed Time
  6. Flow OS Summary
  7. Flow Log
  8. Flow Messages
  9. Flow Suppressed Messages



----------------
; Legal Notice ;
----------------
Copyright (C) 1991-2013 Altera Corporation
Your use of Altera Corporation's design tools, logic functions 
and other software and tools, and its AMPP partner logic 
functions, and any output files from any of the foregoing 
(including device programming or simulation files), and any 
associated documentation or information are expressly subject 
to the terms and conditions of the Altera Program License 
Subscription Agreement, Altera MegaCore Function License 
Agreement, or other applicable license agreement, including, 
without limitation, that your use is for the sole purpose of 
programming logic devices manufactured by Altera and sold by 
Altera or its authorized distributors.  Please refer to the 
applicable agreement for further details.



+---------------------------------------------------------------------------------+
; Flow Summary                                                                    ;
+------------------------------------+--------------------------------------------+
; Flow Status                        ; Successful - Mon Feb 03 16:16:39 2020      ;
; Quartus II 64-Bit Version          ; 13.1.0 Build 162 10/23/2013 SJ Web Edition ;
; Revision Name                      ; PBL1                                       ;
; Top-level Entity Name              ; PB1Qsys                                    ;
; Family                             ; Cyclone IV E                               ;
; Device                             ; EP4CE30F23C7                               ;
; Timing Models                      ; Final                                      ;
; Total logic elements               ; 1,629 / 28,848 ( 6 % )                     ;
;     Total combinational functions  ; 1,512 / 28,848 ( 5 % )                     ;
;     Dedicated logic registers      ; 895 / 28,848 ( 3 % )                       ;
; Total registers                    ; 895                                        ;
; Total pins                         ; 24 / 329 ( 7 % )                           ;
; Total virtual pins                 ; 0                                          ;
; Total memory bits                  ; 44,032 / 608,256 ( 7 % )                   ;
; Embedded Multiplier 9-bit elements ; 0 / 132 ( 0 % )                            ;
; Total PLLs                         ; 0 / 4 ( 0 % )                              ;
+------------------------------------+--------------------------------------------+


+-----------------------------------------+
; Flow Settings                           ;
+-------------------+---------------------+
; Option            ; Setting             ;
+-------------------+---------------------+
; Start date & time ; 02/03/2020 16:15:57 ;
; Main task         ; Compilation         ;
; Revision Name     ; PBL1                ;
+-------------------+---------------------+


+--------------------------------------------------------------------------------------------------------------------------------------------------------------------------------------------------+
; Flow Non-Default Global Settings                                                                                                                                                                 ;
+-------------------------------------+-----------------------------------------------------------+---------------+---------------------------------------------------------------+----------------+
; Assignment Name                     ; Value                                                     ; Default Value ; Entity Name                                                   ; Section Id     ;
+-------------------------------------+-----------------------------------------------------------+---------------+---------------------------------------------------------------+----------------+
; COMPILER_SIGNATURE_ID               ; 268891676886959.158075735703056                           ; --            ; --                                                            ; --             ;
; EDA_OUTPUT_DATA_FORMAT              ; Vhdl                                                      ; --            ; --                                                            ; eda_simulation ;
; EDA_SIMULATION_TOOL                 ; ModelSim-Altera (VHDL)                                    ; <None>        ; --                                                            ; --             ;
; IP_TOOL_ENV                         ; Qsys                                                      ; --            ; PB1Qsys                                                       ; --             ;
; IP_TOOL_ENV                         ; Qsys                                                      ; --            ; PB1Qsys_Buttons                                               ; --             ;
; IP_TOOL_ENV                         ; Qsys                                                      ; --            ; PB1Qsys_irq_mapper                                            ; --             ;
; IP_TOOL_ENV                         ; Qsys                                                      ; --            ; PB1Qsys_jtag_uart_0                                           ; --             ;
; IP_TOOL_ENV                         ; Qsys                                                      ; --            ; PB1Qsys_leds                                                  ; --             ;
; IP_TOOL_ENV                         ; Qsys                                                      ; --            ; PB1Qsys_mm_interconnect_0                                     ; --             ;
; IP_TOOL_ENV                         ; Qsys                                                      ; --            ; PB1Qsys_mm_interconnect_0_addr_router                         ; --             ;
; IP_TOOL_ENV                         ; Qsys                                                      ; --            ; PB1Qsys_mm_interconnect_0_addr_router_001                     ; --             ;
; IP_TOOL_ENV                         ; Qsys                                                      ; --            ; PB1Qsys_mm_interconnect_0_cmd_xbar_demux                      ; --             ;
; IP_TOOL_ENV                         ; Qsys                                                      ; --            ; PB1Qsys_mm_interconnect_0_cmd_xbar_demux_001                  ; --             ;
; IP_TOOL_ENV                         ; Qsys                                                      ; --            ; PB1Qsys_mm_interconnect_0_cmd_xbar_mux                        ; --             ;
; IP_TOOL_ENV                         ; Qsys                                                      ; --            ; PB1Qsys_mm_interconnect_0_cmd_xbar_mux_001                    ; --             ;
; IP_TOOL_ENV                         ; Qsys                                                      ; --            ; PB1Qsys_mm_interconnect_0_id_router                           ; --             ;
; IP_TOOL_ENV                         ; Qsys                                                      ; --            ; PB1Qsys_mm_interconnect_0_id_router_001                       ; --             ;
; IP_TOOL_ENV                         ; Qsys                                                      ; --            ; PB1Qsys_mm_interconnect_0_rsp_xbar_demux                      ; --             ;
; IP_TOOL_ENV                         ; Qsys                                                      ; --            ; PB1Qsys_mm_interconnect_0_rsp_xbar_demux_001                  ; --             ;
; IP_TOOL_ENV                         ; Qsys                                                      ; --            ; PB1Qsys_mm_interconnect_0_rsp_xbar_mux                        ; --             ;
; IP_TOOL_ENV                         ; Qsys                                                      ; --            ; PB1Qsys_mm_interconnect_0_rsp_xbar_mux_001                    ; --             ;
; IP_TOOL_ENV                         ; Qsys                                                      ; --            ; PB1Qsys_nios2_qsys_0                                          ; --             ;
; IP_TOOL_ENV                         ; Qsys                                                      ; --            ; PB1Qsys_nios2_qsys_0_custom_instruction_master_multi_xconnect ; --             ;
; IP_TOOL_ENV                         ; Qsys                                                      ; --            ; PB1Qsys_onchip_memory2_0                                      ; --             ;
; IP_TOOL_ENV                         ; Qsys                                                      ; --            ; altera_avalon_sc_fifo                                         ; --             ;
; IP_TOOL_ENV                         ; Qsys                                                      ; --            ; altera_customins_master_translator                            ; --             ;
; IP_TOOL_ENV                         ; Qsys                                                      ; --            ; altera_customins_slave_translator                             ; --             ;
; IP_TOOL_ENV                         ; Qsys                                                      ; --            ; altera_merlin_master_agent                                    ; --             ;
; IP_TOOL_ENV                         ; Qsys                                                      ; --            ; altera_merlin_master_translator                               ; --             ;
; IP_TOOL_ENV                         ; Qsys                                                      ; --            ; altera_merlin_slave_agent                                     ; --             ;
; IP_TOOL_ENV                         ; Qsys                                                      ; --            ; altera_merlin_slave_translator                                ; --             ;
; IP_TOOL_ENV                         ; Qsys                                                      ; --            ; altera_reset_controller                                       ; --             ;
; IP_TOOL_NAME                        ; Qsys                                                      ; --            ; PB1Qsys                                                       ; --             ;
; IP_TOOL_NAME                        ; altera_avalon_pio                                         ; --            ; PB1Qsys_Buttons                                               ; --             ;
; IP_TOOL_NAME                        ; altera_irq_mapper                                         ; --            ; PB1Qsys_irq_mapper                                            ; --             ;
; IP_TOOL_NAME                        ; altera_avalon_jtag_uart                                   ; --            ; PB1Qsys_jtag_uart_0                                           ; --             ;
; IP_TOOL_NAME                        ; altera_avalon_pio                                         ; --            ; PB1Qsys_leds                                                  ; --             ;
; IP_TOOL_NAME                        ; altera_merlin_interconnect_wrapper                        ; --            ; PB1Qsys_mm_interconnect_0                                     ; --             ;
; IP_TOOL_NAME                        ; altera_merlin_router                                      ; --            ; PB1Qsys_mm_interconnect_0_addr_router                         ; --             ;
; IP_TOOL_NAME                        ; altera_merlin_router                                      ; --            ; PB1Qsys_mm_interconnect_0_addr_router_001                     ; --             ;
; IP_TOOL_NAME                        ; altera_merlin_demultiplexer                               ; --            ; PB1Qsys_mm_interconnect_0_cmd_xbar_demux                      ; --             ;
; IP_TOOL_NAME                        ; altera_merlin_demultiplexer                               ; --            ; PB1Qsys_mm_interconnect_0_cmd_xbar_demux_001                  ; --             ;
; IP_TOOL_NAME                        ; altera_merlin_multiplexer                                 ; --            ; PB1Qsys_mm_interconnect_0_cmd_xbar_mux                        ; --             ;
; IP_TOOL_NAME                        ; altera_merlin_multiplexer                                 ; --            ; PB1Qsys_mm_interconnect_0_cmd_xbar_mux_001                    ; --             ;
; IP_TOOL_NAME                        ; altera_merlin_router                                      ; --            ; PB1Qsys_mm_interconnect_0_id_router                           ; --             ;
; IP_TOOL_NAME                        ; altera_merlin_router                                      ; --            ; PB1Qsys_mm_interconnect_0_id_router_001                       ; --             ;
; IP_TOOL_NAME                        ; altera_merlin_demultiplexer                               ; --            ; PB1Qsys_mm_interconnect_0_rsp_xbar_demux                      ; --             ;
; IP_TOOL_NAME                        ; altera_merlin_demultiplexer                               ; --            ; PB1Qsys_mm_interconnect_0_rsp_xbar_demux_001                  ; --             ;
; IP_TOOL_NAME                        ; altera_merlin_multiplexer                                 ; --            ; PB1Qsys_mm_interconnect_0_rsp_xbar_mux                        ; --             ;
; IP_TOOL_NAME                        ; altera_merlin_multiplexer                                 ; --            ; PB1Qsys_mm_interconnect_0_rsp_xbar_mux_001                    ; --             ;
; IP_TOOL_NAME                        ; altera_nios2_qsys                                         ; --            ; PB1Qsys_nios2_qsys_0                                          ; --             ;
; IP_TOOL_NAME                        ; altera_customins_xconnect                                 ; --            ; PB1Qsys_nios2_qsys_0_custom_instruction_master_multi_xconnect ; --             ;
; IP_TOOL_NAME                        ; altera_avalon_onchip_memory2                              ; --            ; PB1Qsys_onchip_memory2_0                                      ; --             ;
; IP_TOOL_NAME                        ; altera_avalon_sc_fifo                                     ; --            ; altera_avalon_sc_fifo                                         ; --             ;
; IP_TOOL_NAME                        ; altera_customins_master_translator                        ; --            ; altera_customins_master_translator                            ; --             ;
; IP_TOOL_NAME                        ; altera_customins_slave_translator                         ; --            ; altera_customins_slave_translator                             ; --             ;
; IP_TOOL_NAME                        ; altera_merlin_master_agent                                ; --            ; altera_merlin_master_agent                                    ; --             ;
; IP_TOOL_NAME                        ; altera_merlin_master_translator                           ; --            ; altera_merlin_master_translator                               ; --             ;
; IP_TOOL_NAME                        ; altera_merlin_slave_agent                                 ; --            ; altera_merlin_slave_agent                                     ; --             ;
; IP_TOOL_NAME                        ; altera_merlin_slave_translator                            ; --            ; altera_merlin_slave_translator                                ; --             ;
; IP_TOOL_NAME                        ; altera_reset_controller                                   ; --            ; altera_reset_controller                                       ; --             ;
; IP_TOOL_VERSION                     ; 13.1                                                      ; --            ; PB1Qsys                                                       ; --             ;
; IP_TOOL_VERSION                     ; 13.1                                                      ; --            ; PB1Qsys_Buttons                                               ; --             ;
; IP_TOOL_VERSION                     ; 13.1                                                      ; --            ; PB1Qsys_irq_mapper                                            ; --             ;
; IP_TOOL_VERSION                     ; 13.1                                                      ; --            ; PB1Qsys_jtag_uart_0                                           ; --             ;
; IP_TOOL_VERSION                     ; 13.1                                                      ; --            ; PB1Qsys_leds                                                  ; --             ;
; IP_TOOL_VERSION                     ; 13.1                                                      ; --            ; PB1Qsys_mm_interconnect_0                                     ; --             ;
; IP_TOOL_VERSION                     ; 13.1                                                      ; --            ; PB1Qsys_mm_interconnect_0_addr_router                         ; --             ;
; IP_TOOL_VERSION                     ; 13.1                                                      ; --            ; PB1Qsys_mm_interconnect_0_addr_router_001                     ; --             ;
; IP_TOOL_VERSION                     ; 13.1                                                      ; --            ; PB1Qsys_mm_interconnect_0_cmd_xbar_demux                      ; --             ;
; IP_TOOL_VERSION                     ; 13.1                                                      ; --            ; PB1Qsys_mm_interconnect_0_cmd_xbar_demux_001                  ; --             ;
; IP_TOOL_VERSION                     ; 13.1                                                      ; --            ; PB1Qsys_mm_interconnect_0_cmd_xbar_mux                        ; --             ;
; IP_TOOL_VERSION                     ; 13.1                                                      ; --            ; PB1Qsys_mm_interconnect_0_cmd_xbar_mux_001                    ; --             ;
; IP_TOOL_VERSION                     ; 13.1                                                      ; --            ; PB1Qsys_mm_interconnect_0_id_router                           ; --             ;
; IP_TOOL_VERSION                     ; 13.1                                                      ; --            ; PB1Qsys_mm_interconnect_0_id_router_001                       ; --             ;
; IP_TOOL_VERSION                     ; 13.1                                                      ; --            ; PB1Qsys_mm_interconnect_0_rsp_xbar_demux                      ; --             ;
; IP_TOOL_VERSION                     ; 13.1                                                      ; --            ; PB1Qsys_mm_interconnect_0_rsp_xbar_demux_001                  ; --             ;
; IP_TOOL_VERSION                     ; 13.1                                                      ; --            ; PB1Qsys_mm_interconnect_0_rsp_xbar_mux                        ; --             ;
; IP_TOOL_VERSION                     ; 13.1                                                      ; --            ; PB1Qsys_mm_interconnect_0_rsp_xbar_mux_001                    ; --             ;
; IP_TOOL_VERSION                     ; 13.1                                                      ; --            ; PB1Qsys_nios2_qsys_0                                          ; --             ;
; IP_TOOL_VERSION                     ; 13.1                                                      ; --            ; PB1Qsys_nios2_qsys_0_custom_instruction_master_multi_xconnect ; --             ;
; IP_TOOL_VERSION                     ; 13.1                                                      ; --            ; PB1Qsys_onchip_memory2_0                                      ; --             ;
; IP_TOOL_VERSION                     ; 13.1                                                      ; --            ; altera_avalon_sc_fifo                                         ; --             ;
; IP_TOOL_VERSION                     ; 13.1                                                      ; --            ; altera_customins_master_translator                            ; --             ;
; IP_TOOL_VERSION                     ; 13.1                                                      ; --            ; altera_customins_slave_translator                             ; --             ;
; IP_TOOL_VERSION                     ; 13.1                                                      ; --            ; altera_merlin_master_agent                                    ; --             ;
; IP_TOOL_VERSION                     ; 13.1                                                      ; --            ; altera_merlin_master_translator                               ; --             ;
; IP_TOOL_VERSION                     ; 13.1                                                      ; --            ; altera_merlin_slave_agent                                     ; --             ;
; IP_TOOL_VERSION                     ; 13.1                                                      ; --            ; altera_merlin_slave_translator                                ; --             ;
; IP_TOOL_VERSION                     ; 13.1                                                      ; --            ; altera_reset_controller                                       ; --             ;
; MAX_CORE_JUNCTION_TEMP              ; 85                                                        ; --            ; --                                                            ; --             ;
; MIN_CORE_JUNCTION_TEMP              ; 0                                                         ; --            ; --                                                            ; --             ;
; MISC_FILE                           ; PB1Qsys/synthesis/../../PB1Qsys.cmp                       ; --            ; --                                                            ; --             ;
; MISC_FILE                           ; PB1Qsys/synthesis/../../PB1Qsys.qsys                      ; --            ; --                                                            ; --             ;
; NOMINAL_CORE_SUPPLY_VOLTAGE         ; 1.2V                                                      ; --            ; --                                                            ; --             ;
; PARTITION_COLOR                     ; 16764057                                                  ; --            ; PB1Qsys                                                       ; Top            ;
; PARTITION_FITTER_PRESERVATION_LEVEL ; PLACEMENT_AND_ROUTING                                     ; --            ; PB1Qsys                                                       ; Top            ;
; PARTITION_NETLIST_TYPE              ; SOURCE                                                    ; --            ; PB1Qsys                                                       ; Top            ;
; POWER_BOARD_THERMAL_MODEL           ; None (CONSERVATIVE)                                       ; --            ; --                                                            ; --             ;
; POWER_PRESET_COOLING_SOLUTION       ; 23 MM HEAT SINK WITH 200 LFPM AIRFLOW                     ; --            ; --                                                            ; --             ;
; PROJECT_OUTPUT_DIRECTORY            ; output_files                                              ; --            ; --                                                            ; --             ;
; SLD_FILE                            ; PB1Qsys/synthesis/PB1Qsys.regmap                          ; --            ; --                                                            ; --             ;
; SLD_FILE                            ; PB1Qsys/synthesis/PB1Qsys.debuginfo                       ; --            ; --                                                            ; --             ;
; SLD_INFO                            ; QSYS_NAME PB1Qsys HAS_SOPCINFO 1 GENERATION_ID 1580756645 ; --            ; PB1Qsys                                                       ; --             ;
; SOPCINFO_FILE                       ; PB1Qsys/synthesis/../../PB1Qsys.sopcinfo                  ; --            ; --                                                            ; --             ;
; SYNTHESIS_ONLY_QIP                  ; On                                                        ; --            ; --                                                            ; --             ;
; TOP_LEVEL_ENTITY                    ; PB1Qsys                                                   ; PBL1          ; --                                                            ; --             ;
+-------------------------------------+-----------------------------------------------------------+---------------+---------------------------------------------------------------+----------------+


+-------------------------------------------------------------------------------------------------------------------------------+
; Flow Elapsed Time                                                                                                             ;
+---------------------------+--------------+-------------------------+---------------------+------------------------------------+
; Module Name               ; Elapsed Time ; Average Processors Used ; Peak Virtual Memory ; Total CPU Time (on all processors) ;
+---------------------------+--------------+-------------------------+---------------------+------------------------------------+
; Analysis & Synthesis      ; 00:00:09     ; 1.0                     ; 4734 MB             ; 00:00:09                           ;
; Fitter                    ; 00:00:14     ; 1.0                     ; 5038 MB             ; 00:00:14                           ;
; Assembler                 ; 00:00:02     ; 1.0                     ; 4602 MB             ; 00:00:02                           ;
; TimeQuest Timing Analyzer ; 00:00:04     ; 1.0                     ; 4674 MB             ; 00:00:03                           ;
; EDA Netlist Writer        ; 00:00:04     ; 1.0                     ; 4577 MB             ; 00:00:03                           ;
; Total                     ; 00:00:33     ; --                      ; --                  ; 00:00:31                           ;
+---------------------------+--------------+-------------------------+---------------------+------------------------------------+


+----------------------------------------------------------------------------------------+
; Flow OS Summary                                                                        ;
+---------------------------+------------------+-----------+------------+----------------+
; Module Name               ; Machine Hostname ; OS Name   ; OS Version ; Processor type ;
+---------------------------+------------------+-----------+------------+----------------+
; Analysis & Synthesis      ; DESKTOP-2H36KO7  ; Windows 7 ; 6.2        ; x86_64         ;
; Fitter                    ; DESKTOP-2H36KO7  ; Windows 7 ; 6.2        ; x86_64         ;
; Assembler                 ; DESKTOP-2H36KO7  ; Windows 7 ; 6.2        ; x86_64         ;
; TimeQuest Timing Analyzer ; DESKTOP-2H36KO7  ; Windows 7 ; 6.2        ; x86_64         ;
; EDA Netlist Writer        ; DESKTOP-2H36KO7  ; Windows 7 ; 6.2        ; x86_64         ;
+---------------------------+------------------+-----------+------------+----------------+


------------
; Flow Log ;
------------
quartus_map --read_settings_files=on --write_settings_files=off PBL1 -c PBL1
quartus_fit --read_settings_files=off --write_settings_files=off PBL1 -c PBL1
quartus_asm --read_settings_files=off --write_settings_files=off PBL1 -c PBL1
quartus_sta PBL1 -c PBL1
quartus_eda --read_settings_files=off --write_settings_files=off PBL1 -c PBL1



